<?xml version="1.0" encoding="UTF-8"?>
<testsuite name="hello_test.hello_test.RoboTest" tests="1" skipped="0" failures="0" errors="0" timestamp="2021-02-03T15:17:22" hostname="ubuntu" time="23.41">
  <properties/>
  <testcase name="roboTest()" classname="hello_test.hello_test.RoboTest" time="23.41"/>
  <system-out><![CDATA[Total 0.00
Añade 1 Robo Cola --- Total 1.25
Añade 1 Robo Beer --- Total 3.25
Añade 1 Robo Vino --- Total 6.20
Cantidades en preorder correctas 
Introduce 34 años
Total 3 bebidas
Pedido con exito¡¡¡¡
]]></system-out>
  <system-err><![CDATA[1612365443912	geckodriver	INFO	Listening on 127.0.0.1:8837
1612365444923	mozrunner::runner	INFO	Running command: "/usr/lib/firefox/firefox" "--marionette" "-headless" "-foreground" "-no-remote" "-profile" "/tmp/rust_mozprofileJzlf0a"
*** You are running in headless mode.

(firefox:13210): GLib-GObject-WARNING **: 16:17:25.713: invalid (NULL) pointer instance

(firefox:13210): GLib-GObject-CRITICAL **: 16:17:25.713: g_signal_connect_data: assertion 'G_TYPE_CHECK_INSTANCE (instance)' failed

(/usr/lib/firefox/firefox:13470): GLib-GObject-WARNING **: 16:17:26.636: invalid (NULL) pointer instance

(/usr/lib/firefox/firefox:13470): GLib-GObject-CRITICAL **: 16:17:26.636: g_signal_connect_data: assertion 'G_TYPE_CHECK_INSTANCE (instance)' failed

(/usr/lib/firefox/firefox:13489): GLib-GObject-WARNING **: 16:17:27.023: invalid (NULL) pointer instance

(/usr/lib/firefox/firefox:13489): GLib-GObject-CRITICAL **: 16:17:27.023: g_signal_connect_data: assertion 'G_TYPE_CHECK_INSTANCE (instance)' failed
console.warn: SearchSettings: "get: No settings file exists, new profile?" (new Error("", "(unknown module)"))

(/usr/lib/firefox/firefox:13553): GLib-GObject-WARNING **: 16:17:29.821: invalid (NULL) pointer instance

(/usr/lib/firefox/firefox:13553): GLib-GObject-CRITICAL **: 16:17:29.821: g_signal_connect_data: assertion 'G_TYPE_CHECK_INSTANCE (instance)' failed
1612365450193	Marionette	INFO	Listening on port 42399
1612365450376	Marionette	WARN	TLS certificate errors will be ignored for this session
Feb 03, 2021 4:17:30 PM org.openqa.selenium.remote.ProtocolHandshake createSession
INFO: Detected dialect: W3C
JavaScript error: , line 0: NotFoundError: No such JSWindowActor 'MarionetteEvents'
JavaScript error: resource://gre/modules/XULStore.jsm, line 66: Error: Can't find profile directory.
JavaScript error: resource://gre/modules/XULStore.jsm, line 66: Error: Can't find profile directory.
1612365464537	Marionette	INFO	Stopped listening on port 42399
]]></system-err>
</testsuite>
